<?xml version="1.0" encoding="UTF-8"?>
<!-- Generated by org.testng.reporters.JUnitXMLReporter -->
<testsuite ignored="0" hostname="ashok" failures="0" tests="3" name="Default test" time="0.093" errors="0" timestamp="25 Mar 2024 15:03:31 GMT">
  <testcase classname="org.rerunconcept.RerunConcept" name="buddy" time="0.017"/>
  <testcase classname="org.rerunconcept.RerunConcept" name="bye" time="0.004"/>
  <testcase classname="org.rerunconcept.RerunConcept" name="hi" time="0.002"/>
</testsuite> <!-- Default test -->
