<?xml version="1.0" encoding="UTF-8"?>
<testng-results ignored="0" total="2" passed="2" failed="0" skipped="0">
  <reporter-output>
  </reporter-output>
  <suite started-at="2024-06-17T10:38:27Z" name="Suite" finished-at="2024-06-17T10:38:46Z" duration-ms="18369">
    <groups>
    </groups>
    <test started-at="2024-06-17T10:38:27Z" name="Test" finished-at="2024-06-17T10:38:46Z" duration-ms="18369">
      <class name="org.parameterpassing.Parameter123">
        <test-method signature="bye(java.lang.String, java.lang.String)[pri:0, instance:org.parameterpassing.Parameter123@106cc338]" started-at="2024-06-17T10:38:27Z" name="bye" finished-at="2024-06-17T10:38:46Z" duration-ms="18259" status="PASS">
          <params>
            <param index="0">
              <value>
                <![CDATA[admin]]>
              </value>
            </param>
            <param index="1">
              <value>
                <![CDATA[kanmani]]>
              </value>
            </param>
          </params>
          <reporter-output>
          </reporter-output>
        </test-method> <!-- bye -->
        <test-method signature="hi(int, int)[pri:0, instance:org.parameterpassing.Parameter123@106cc338]" started-at="2024-06-17T10:38:46Z" name="hi" finished-at="2024-06-17T10:38:46Z" duration-ms="24" status="PASS">
          <params>
            <param index="0">
              <value>
                <![CDATA[45]]>
              </value>
            </param>
            <param index="1">
              <value>
                <![CDATA[50]]>
              </value>
            </param>
          </params>
          <reporter-output>
          </reporter-output>
        </test-method> <!-- hi -->
      </class> <!-- org.parameterpassing.Parameter123 -->
    </test> <!-- Test -->
  </suite> <!-- Suite -->
</testng-results>
